
-----
Test: tests/test_buy_laptop.py::test_navigation_bar (call)
Start time: 2023-10-22 21:07:45.782504
Start name method: open_website

End time: 2023-10-22 21:07:47.393806
End name method: open_website
URL: https://www.onliner.by/

-----

-----
Test: tests/test_buy_laptop.py::test_navigation_bar (call)
Start time: 2023-10-22 21:07:47.393806
Start name method: refresh_via_top_logo

End time: 2023-10-22 21:07:48.448000
End name method: refresh_via_top_logo
URL: https://www.onliner.by/

-----

-----
Test: tests/test_buy_laptop.py::test_navigation_bar (call)
Start time: 2023-10-22 21:07:48.448000
Start name method: open_news

End time: 2023-10-22 21:07:48.975584
End name method: open_news
URL: https://www.onliner.by/

-----

-----
Test: tests/test_buy_laptop.py::test_navigation_bar (call)
Start time: 2023-10-22 21:07:48.976586
Start name method: open_auto_flea_market

End time: 2023-10-22 21:07:50.844937
End name method: open_auto_flea_market
URL: https://www.onliner.by/

-----

-----
Test: tests/test_buy_laptop.py::test_navigation_bar (call)
Start time: 2023-10-22 21:07:50.844937
Start name method: open_houses_and_apartments

End time: 2023-10-22 21:07:54.281251
End name method: open_houses_and_apartments
URL: https://www.onliner.by/

-----

-----
Test: tests/test_buy_laptop.py::test_navigation_bar (call)
Start time: 2023-10-22 21:07:54.281251
Start name method: open_services


-----
Test: tests/test_buy_laptop.py::test_buy_filtered_laptop (call)
Start time: 2023-10-22 21:08:05.980203
Start name method: open_website

End time: 2023-10-22 21:08:07.563659
End name method: open_website
URL: https://www.onliner.by/

-----

-----
Test: tests/test_buy_laptop.py::test_buy_filtered_laptop (call)
Start time: 2023-10-22 21:08:07.566660
Start name method: open_catalog

End time: 2023-10-22 21:08:09.163299
End name method: open_catalog
URL: https://catalog.onliner.by/

-----

-----
Test: tests/test_buy_laptop.py::test_buy_filtered_laptop (call)
Start time: 2023-10-22 21:08:09.164301
Start name method: check_catalog_navigation_title

End time: 2023-10-22 21:08:09.230316
End name method: check_catalog_navigation_title
URL: https://catalog.onliner.by/

-----

-----
Test: tests/test_buy_laptop.py::test_buy_filtered_laptop (call)
Start time: 2023-10-22 21:08:09.230316
Start name method: open_computers_and_networks

End time: 2023-10-22 21:08:09.344341
End name method: open_computers_and_networks
URL: https://catalog.onliner.by/

-----

-----
Test: tests/test_buy_laptop.py::test_buy_filtered_laptop (call)
Start time: 2023-10-22 21:08:09.345343
Start name method: open_laptops_computers_monitors

End time: 2023-10-22 21:08:09.486002
End name method: open_laptops_computers_monitors
URL: https://catalog.onliner.by/

-----

-----
Test: tests/test_buy_laptop.py::test_buy_filtered_laptop (call)
Start time: 2023-10-22 21:08:09.487002
Start name method: open_laptops

End time: 2023-10-22 21:08:11.498422
End name method: open_laptops
URL: https://catalog.onliner.by/notebook

-----

-----
Test: tests/test_buy_laptop.py::test_buy_filtered_laptop (call)
Start time: 2023-10-22 21:08:11.499424
Start name method: close_popover

End time: 2023-10-22 21:08:12.380205
End name method: close_popover
URL: https://catalog.onliner.by/notebook

-----

-----
Test: tests/test_buy_laptop.py::test_buy_filtered_laptop (call)
Start time: 2023-10-22 21:08:12.380205
Start name method: check_laptops_title

End time: 2023-10-22 21:08:12.428217
End name method: check_laptops_title
URL: https://catalog.onliner.by/notebook

-----

-----
Test: tests/test_buy_laptop.py::test_buy_filtered_laptop (call)
Start time: 2023-10-22 21:08:12.428217
Start name method: confirm_city

End time: 2023-10-22 21:08:12.565247
End name method: confirm_city
URL: https://catalog.onliner.by/notebook

-----

-----
Test: tests/test_buy_laptop.py::test_buy_filtered_laptop (call)
Start time: 2023-10-22 21:08:12.565247
Start name method: check_city

End time: 2023-10-22 21:08:12.626997
End name method: check_city
URL: https://catalog.onliner.by/notebook

-----

-----
Test: tests/test_buy_laptop.py::test_buy_filtered_laptop (call)
Start time: 2023-10-22 21:08:12.627998
Start name method: open_all_producers

End time: 2023-10-22 21:08:14.762180
End name method: open_all_producers
URL: https://catalog.onliner.by/notebook

-----

-----
Test: tests/test_buy_laptop.py::test_buy_filtered_laptop (call)
Start time: 2023-10-22 21:08:14.762180
Start name method: check_number_of_producers


-----
Test: tests/test_buy_laptop.py::test_buy_filtered_laptop (call)
Start time: 2023-10-22 21:08:14.763181
Start name method: check_text_number_of_producers

End time: 2023-10-22 21:08:14.810192
End name method: check_text_number_of_producers
URL: https://catalog.onliner.by/notebook

-----

-----
Test: tests/test_buy_laptop.py::test_buy_filtered_laptop (call)
Start time: 2023-10-22 21:08:14.811191
Start name method: count_number_of_producers

End time: 2023-10-22 21:08:14.865201
End name method: count_number_of_producers
URL: https://catalog.onliner.by/notebook

-----
End time: 2023-10-22 21:08:14.872204
End name method: check_number_of_producers
URL: https://catalog.onliner.by/notebook

-----

-----
Test: tests/test_buy_laptop.py::test_buy_filtered_laptop (call)
Start time: 2023-10-22 21:08:14.872204
Start name method: open_all_producers

End time: 2023-10-22 21:08:17.030374
End name method: open_all_producers
URL: https://catalog.onliner.by/notebook

-----

-----
Test: tests/test_buy_laptop.py::test_buy_filtered_laptop (call)
Start time: 2023-10-22 21:08:17.030374
Start name method: select_producer

End time: 2023-10-22 21:08:17.227254
End name method: select_producer
URL: https://catalog.onliner.by/notebook

-----

-----
Test: tests/test_buy_laptop.py::test_buy_filtered_laptop (call)
Start time: 2023-10-22 21:08:17.228245
Start name method: enter_max_price

End time: 2023-10-22 21:08:17.447902
End name method: enter_max_price
URL: https://catalog.onliner.by/notebook

-----

-----
Test: tests/test_buy_laptop.py::test_buy_filtered_laptop (call)
Start time: 2023-10-22 21:08:17.448902
Start name method: select_purpose

End time: 2023-10-22 21:08:17.616062
End name method: select_purpose
URL: https://catalog.onliner.by/notebook

-----

-----
Test: tests/test_buy_laptop.py::test_buy_filtered_laptop (call)
Start time: 2023-10-22 21:08:17.617063
Start name method: select_screen_size

End time: 2023-10-22 21:08:17.795105
End name method: select_screen_size
URL: https://catalog.onliner.by/notebook

-----

-----
Test: tests/test_buy_laptop.py::test_buy_filtered_laptop (call)
Start time: 2023-10-22 21:08:17.796107
Start name method: check_producer

End time: 2023-10-22 21:08:17.881124
End name method: check_producer
URL: https://catalog.onliner.by/notebook

-----

-----
Test: tests/test_buy_laptop.py::test_buy_filtered_laptop (call)
Start time: 2023-10-22 21:08:17.881124
Start name method: check_max_price

End time: 2023-10-22 21:08:17.925134
End name method: check_max_price
URL: https://catalog.onliner.by/notebook

-----

-----
Test: tests/test_buy_laptop.py::test_buy_filtered_laptop (call)
Start time: 2023-10-22 21:08:17.925134
Start name method: check_purpose

End time: 2023-10-22 21:08:18.083117
End name method: check_purpose
URL: https://catalog.onliner.by/notebook?mfr%5B0%5D=apple&price%5Bto%5D=7000.00&note_category%5B0%5D=forwork&note_category%5Boperation%5D=intersect&diagonalnb%5Bto%5D=150

-----

-----
Test: tests/test_buy_laptop.py::test_buy_filtered_laptop (call)
Start time: 2023-10-22 21:08:18.084120
Start name method: check_screen_size

End time: 2023-10-22 21:08:19.377365
End name method: check_screen_size
URL: https://catalog.onliner.by/notebook?mfr%5B0%5D=apple&price%5Bto%5D=7000.00&note_category%5B0%5D=forwork&note_category%5Boperation%5D=intersect&diagonalnb%5Bto%5D=150

-----

-----
Test: tests/test_buy_laptop.py::test_buy_filtered_laptop (call)
Start time: 2023-10-22 21:08:19.378363
Start name method: check_default_order_base

End time: 2023-10-22 21:08:19.505406
End name method: check_default_order_base
URL: https://catalog.onliner.by/notebook?mfr%5B0%5D=apple&price%5Bto%5D=7000.00&note_category%5B0%5D=forwork&note_category%5Boperation%5D=intersect&diagonalnb%5Bto%5D=150

-----

-----
Test: tests/test_buy_laptop.py::test_buy_filtered_laptop (call)
Start time: 2023-10-22 21:08:19.507417
Start name method: select_order_option

End time: 2023-10-22 21:08:21.011276
End name method: select_order_option
URL: https://catalog.onliner.by/notebook?mfr%5B0%5D=apple&price%5Bto%5D=7000.00&note_category%5B0%5D=forwork&note_category%5Boperation%5D=intersect&diagonalnb%5Bto%5D=150

-----

-----
Test: tests/test_buy_laptop.py::test_buy_filtered_laptop (call)
Start time: 2023-10-22 21:08:21.012272
Start name method: save_product1_name_on_catalog_page

End time: 2023-10-22 21:08:22.061002
End name method: save_product1_name_on_catalog_page
URL: https://catalog.onliner.by/notebook?mfr%5B0%5D=apple&price%5Bto%5D=7000.00&note_category%5B0%5D=forwork&note_category%5Boperation%5D=intersect&diagonalnb%5Bto%5D=150&order=price:asc

-----

-----
Test: tests/test_buy_laptop.py::test_buy_filtered_laptop (call)
Start time: 2023-10-22 21:08:22.062001
Start name method: save_product2_name_on_catalog_page

End time: 2023-10-22 21:08:23.107432
End name method: save_product2_name_on_catalog_page
URL: https://catalog.onliner.by/notebook?mfr%5B0%5D=apple&price%5Bto%5D=7000.00&note_category%5B0%5D=forwork&note_category%5Boperation%5D=intersect&diagonalnb%5Bto%5D=150&order=price:asc

-----

-----
Test: tests/test_buy_laptop.py::test_buy_filtered_laptop (call)
Start time: 2023-10-22 21:08:23.107432
Start name method: add_first_product_to_comparison

End time: 2023-10-22 21:08:26.393686
End name method: add_first_product_to_comparison
URL: https://catalog.onliner.by/notebook?mfr%5B0%5D=apple&price%5Bto%5D=7000.00&note_category%5B0%5D=forwork&note_category%5Boperation%5D=intersect&diagonalnb%5Bto%5D=150&order=price:asc

-----

-----
Test: tests/test_buy_laptop.py::test_buy_filtered_laptop (call)
Start time: 2023-10-22 21:08:26.395690
Start name method: add_first_product_to_comparison

End time: 2023-10-22 21:08:29.710325
End name method: add_first_product_to_comparison
URL: https://catalog.onliner.by/notebook?mfr%5B0%5D=apple&price%5Bto%5D=7000.00&note_category%5B0%5D=forwork&note_category%5Boperation%5D=intersect&diagonalnb%5Bto%5D=150&order=price:asc

-----

-----
Test: tests/test_buy_laptop.py::test_buy_filtered_laptop (call)
Start time: 2023-10-22 21:08:29.710325
Start name method: open_comparison_page

End time: 2023-10-22 21:08:30.731638
End name method: open_comparison_page
URL: https://catalog.onliner.by/compare/mgn63+mgnd3

-----

-----
Test: tests/test_buy_laptop.py::test_buy_filtered_laptop (call)
Start time: 2023-10-22 21:08:30.731638
Start name method: save_product1_name_on_comparison_page

End time: 2023-10-22 21:08:30.781827
End name method: save_product1_name_on_comparison_page
URL: https://catalog.onliner.by/compare/mgn63+mgnd3

-----

-----
Test: tests/test_buy_laptop.py::test_buy_filtered_laptop (call)
Start time: 2023-10-22 21:08:30.782825
Start name method: save_product2_name_on_comparison_page

End time: 2023-10-22 21:08:30.836530
End name method: save_product2_name_on_comparison_page
URL: https://catalog.onliner.by/compare/mgn63+mgnd3

-----

-----
Test: tests/test_buy_laptop.py::test_buy_filtered_laptop (call)
Start time: 2023-10-22 21:08:30.837540
Start name method: select_offer

End time: 2023-10-22 21:08:33.606616
End name method: select_offer
URL: https://catalog.onliner.by/notebook/apple/mgnd3/prices

-----

-----
Test: tests/test_buy_laptop.py::test_buy_filtered_laptop (call)
Start time: 2023-10-22 21:08:33.607617
Start name method: move_to_trash

End time: 2023-10-22 21:08:33.828668
End name method: move_to_trash
URL: https://catalog.onliner.by/notebook/apple/mgnd3/prices

-----

-----
Test: tests/test_buy_laptop.py::test_buy_filtered_laptop (call)
Start time: 2023-10-22 21:08:33.828668
Start name method: clear_comparison

End time: 2023-10-22 21:08:34.051242
End name method: clear_comparison
URL: https://catalog.onliner.by/notebook/apple/mgnd3/prices

-----

-----
Test: tests/test_buy_laptop.py::test_buy_filtered_laptop (call)
Start time: 2023-10-22 21:08:34.051242
Start name method: add_laptop_to_cart

End time: 2023-10-22 21:08:34.220280
End name method: add_laptop_to_cart
URL: https://catalog.onliner.by/notebook/apple/mgnd3/prices

-----

-----
Test: tests/test_buy_laptop.py::test_buy_filtered_laptop (call)
Start time: 2023-10-22 21:08:34.220280
Start name method: go_to_cart

End time: 2023-10-22 21:08:36.042787
End name method: go_to_cart
URL: https://cart.onliner.by/

-----

-----
Test: tests/test_buy_laptop.py::test_buy_filtered_laptop (call)
Start time: 2023-10-22 21:08:36.737401
Start name method: enter_information

End time: 2023-10-22 21:08:39.660672
End name method: enter_information
URL: https://cart.onliner.by/order

-----

-----
Test: tests/test_buy_laptop.py::test_buy_filtered_laptop (call)
Start time: 2023-10-22 21:08:39.661670
Start name method: finish

End time: 2023-10-22 21:08:39.762354
End name method: finish
URL: https://cart.onliner.by/order

-----
