
-----
Test: tests/test_buy_laptop.py::test_buy_filtered_laptop (call)
Start time: 2023-10-22 18:35:11.214296
Start name method: open_website

End time: 2023-10-22 18:35:12.882835
End name method: open_website
URL: https://www.onliner.by/

-----

-----
Test: tests/test_buy_laptop.py::test_buy_filtered_laptop (call)
Start time: 2023-10-22 18:35:12.883835
Start name method: open_catalog

End time: 2023-10-22 18:35:14.132132
End name method: open_catalog
URL: https://catalog.onliner.by/

-----

-----
Test: tests/test_buy_laptop.py::test_buy_filtered_laptop (call)
Start time: 2023-10-22 18:35:14.132132
Start name method: check_catalog_navigation_title

End time: 2023-10-22 18:35:14.180611
End name method: check_catalog_navigation_title
URL: https://catalog.onliner.by/

-----

-----
Test: tests/test_buy_laptop.py::test_buy_filtered_laptop (call)
Start time: 2023-10-22 18:35:14.180611
Start name method: open_computers_and_networks

End time: 2023-10-22 18:35:14.288934
End name method: open_computers_and_networks
URL: https://catalog.onliner.by/

-----

-----
Test: tests/test_buy_laptop.py::test_buy_filtered_laptop (call)
Start time: 2023-10-22 18:35:14.289940
Start name method: open_laptops_computers_monitors

End time: 2023-10-22 18:35:14.432878
End name method: open_laptops_computers_monitors
URL: https://catalog.onliner.by/

-----

-----
Test: tests/test_buy_laptop.py::test_buy_filtered_laptop (call)
Start time: 2023-10-22 18:35:14.433878
Start name method: open_laptops

End time: 2023-10-22 18:35:15.424199
End name method: open_laptops
URL: https://catalog.onliner.by/notebook

-----

-----
Test: tests/test_buy_laptop.py::test_buy_filtered_laptop (call)
Start time: 2023-10-22 18:35:15.424199
Start name method: close_popover

End time: 2023-10-22 18:35:16.472388
End name method: close_popover
URL: https://catalog.onliner.by/notebook

-----

-----
Test: tests/test_buy_laptop.py::test_buy_filtered_laptop (call)
Start time: 2023-10-22 18:35:16.472388
Start name method: check_laptops_title

End time: 2023-10-22 18:35:16.513951
End name method: check_laptops_title
URL: https://catalog.onliner.by/notebook

-----

-----
Test: tests/test_buy_laptop.py::test_buy_filtered_laptop (call)
Start time: 2023-10-22 18:35:16.514952
Start name method: confirm_city

End time: 2023-10-22 18:35:16.636979
End name method: confirm_city
URL: https://catalog.onliner.by/notebook

-----

-----
Test: tests/test_buy_laptop.py::test_buy_filtered_laptop (call)
Start time: 2023-10-22 18:35:16.636979
Start name method: check_city

End time: 2023-10-22 18:35:16.696993
End name method: check_city
URL: https://catalog.onliner.by/notebook

-----

-----
Test: tests/test_buy_laptop.py::test_buy_filtered_laptop (call)
Start time: 2023-10-22 18:35:16.696993
Start name method: open_all_producers

End time: 2023-10-22 18:35:18.798212
End name method: open_all_producers
URL: https://catalog.onliner.by/notebook

-----

-----
Test: tests/test_buy_laptop.py::test_buy_filtered_laptop (call)
Start time: 2023-10-22 18:35:18.798212
Start name method: check_number_of_producers


-----
Test: tests/test_buy_laptop.py::test_buy_filtered_laptop (call)
Start time: 2023-10-22 18:35:18.798212
Start name method: check_text_number_of_producers

End time: 2023-10-22 18:35:18.846796
End name method: check_text_number_of_producers
URL: https://catalog.onliner.by/notebook

-----

-----
Test: tests/test_buy_laptop.py::test_buy_filtered_laptop (call)
Start time: 2023-10-22 18:35:18.846796
Start name method: count_number_of_producers

End time: 2023-10-22 18:35:18.902394
End name method: count_number_of_producers
URL: https://catalog.onliner.by/notebook

-----
End time: 2023-10-22 18:35:18.902394
End name method: check_number_of_producers
URL: https://catalog.onliner.by/notebook

-----

-----
Test: tests/test_buy_laptop.py::test_buy_filtered_laptop (call)
Start time: 2023-10-22 18:35:18.902394
Start name method: open_all_producers

End time: 2023-10-22 18:35:20.992954
End name method: open_all_producers
URL: https://catalog.onliner.by/notebook

-----

-----
Test: tests/test_buy_laptop.py::test_buy_filtered_laptop (call)
Start time: 2023-10-22 18:35:20.992954
Start name method: select_producer

End time: 2023-10-22 18:35:21.160718
End name method: select_producer
URL: https://catalog.onliner.by/notebook

-----

-----
Test: tests/test_buy_laptop.py::test_buy_filtered_laptop (call)
Start time: 2023-10-22 18:35:21.160718
Start name method: enter_max_price

End time: 2023-10-22 18:35:21.346257
End name method: enter_max_price
URL: https://catalog.onliner.by/notebook

-----

-----
Test: tests/test_buy_laptop.py::test_buy_filtered_laptop (call)
Start time: 2023-10-22 18:35:21.346257
Start name method: select_purpose

End time: 2023-10-22 18:35:21.506489
End name method: select_purpose
URL: https://catalog.onliner.by/notebook

-----

-----
Test: tests/test_buy_laptop.py::test_buy_filtered_laptop (call)
Start time: 2023-10-22 18:35:21.506489
Start name method: select_screen_size

End time: 2023-10-22 18:35:21.662470
End name method: select_screen_size
URL: https://catalog.onliner.by/notebook

-----

-----
Test: tests/test_buy_laptop.py::test_buy_filtered_laptop (call)
Start time: 2023-10-22 18:35:21.662470
Start name method: check_producer

End time: 2023-10-22 18:35:21.730949
End name method: check_producer
URL: https://catalog.onliner.by/notebook

-----

-----
Test: tests/test_buy_laptop.py::test_buy_filtered_laptop (call)
Start time: 2023-10-22 18:35:21.730949
Start name method: check_purpose

End time: 2023-10-22 18:35:21.812623
End name method: check_purpose
URL: https://catalog.onliner.by/notebook

-----

-----
Test: tests/test_buy_laptop.py::test_buy_filtered_laptop (call)
Start time: 2023-10-22 18:35:21.812623
Start name method: check_default_order_base

End time: 2023-10-22 18:35:21.851620
End name method: check_default_order_base
URL: https://catalog.onliner.by/notebook

-----

-----
Test: tests/test_buy_laptop.py::test_buy_filtered_laptop (call)
Start time: 2023-10-22 18:35:21.851620
Start name method: select_order_option

End time: 2023-10-22 18:35:22.158757
End name method: select_order_option
URL: https://catalog.onliner.by/notebook?mfr%5B0%5D=apple&price%5Bto%5D=7000.00&note_category%5B0%5D=forwork&note_category%5Boperation%5D=intersect&diagonalnb%5Bto%5D=150

-----

-----
Test: tests/test_buy_laptop.py::test_buy_filtered_laptop (call)
Start time: 2023-10-22 18:35:22.159759
Start name method: add_first_product_to_comparison

End time: 2023-10-22 18:35:25.307448
End name method: add_first_product_to_comparison
URL: https://catalog.onliner.by/notebook?mfr%5B0%5D=apple&price%5Bto%5D=7000.00&note_category%5B0%5D=forwork&note_category%5Boperation%5D=intersect&diagonalnb%5Bto%5D=150&order=price:asc

-----

-----
Test: tests/test_buy_laptop.py::test_buy_filtered_laptop (call)
Start time: 2023-10-22 18:35:25.307448
Start name method: add_first_product_to_comparison

End time: 2023-10-22 18:35:28.456821
End name method: add_first_product_to_comparison
URL: https://catalog.onliner.by/notebook?mfr%5B0%5D=apple&price%5Bto%5D=7000.00&note_category%5B0%5D=forwork&note_category%5Boperation%5D=intersect&diagonalnb%5Bto%5D=150&order=price:asc

-----

-----
Test: tests/test_buy_laptop.py::test_buy_filtered_laptop (call)
Start time: 2023-10-22 18:35:28.456821
Start name method: open_comparison_page

End time: 2023-10-22 18:35:29.233222
End name method: open_comparison_page
URL: https://catalog.onliner.by/compare/mgn63+mgnd3

-----

-----
Test: tests/test_buy_laptop.py::test_buy_filtered_laptop (call)
Start time: 2023-10-22 18:35:29.233222
Start name method: select_offer

End time: 2023-10-22 18:35:31.474326
End name method: select_offer
URL: https://catalog.onliner.by/notebook/apple/mgnd3/prices

-----

-----
Test: tests/test_buy_laptop.py::test_buy_filtered_laptop (call)
Start time: 2023-10-22 18:35:31.475328
Start name method: move_to_trash

End time: 2023-10-22 18:35:31.719090
End name method: move_to_trash
URL: https://catalog.onliner.by/notebook/apple/mgnd3/prices

-----

-----
Test: tests/test_buy_laptop.py::test_buy_filtered_laptop (call)
Start time: 2023-10-22 18:35:31.719090
Start name method: clear_comparison

End time: 2023-10-22 18:35:31.921489
End name method: clear_comparison
URL: https://catalog.onliner.by/notebook/apple/mgnd3/prices

-----

-----
Test: tests/test_buy_laptop.py::test_buy_filtered_laptop (call)
Start time: 2023-10-22 18:35:31.922490
Start name method: add_laptop_to_cart

End time: 2023-10-22 18:35:32.088529
End name method: add_laptop_to_cart
URL: https://catalog.onliner.by/notebook/apple/mgnd3/prices

-----

-----
Test: tests/test_buy_laptop.py::test_buy_filtered_laptop (call)
Start time: 2023-10-22 18:35:32.089530
Start name method: go_to_cart

End time: 2023-10-22 18:35:33.545968
End name method: go_to_cart
URL: https://cart.onliner.by/

-----

-----
Test: tests/test_buy_laptop.py::test_buy_filtered_laptop (call)
Start time: 2023-10-22 18:35:34.251713
Start name method: enter_information

End time: 2023-10-22 18:35:37.545120
End name method: enter_information
URL: https://cart.onliner.by/order

-----
