
-----
Test: tests/test_buy_laptop.py::test_buy_filtered_laptop (call)
Start time: 2023-10-22 19:13:13.059042
Start name method: open_website

End time: 2023-10-22 19:13:14.736588
End name method: open_website
URL: https://www.onliner.by/

-----

-----
Test: tests/test_buy_laptop.py::test_buy_filtered_laptop (call)
Start time: 2023-10-22 19:13:14.737655
Start name method: open_catalog

End time: 2023-10-22 19:13:16.641213
End name method: open_catalog
URL: https://catalog.onliner.by/

-----

-----
Test: tests/test_buy_laptop.py::test_buy_filtered_laptop (call)
Start time: 2023-10-22 19:13:16.641213
Start name method: check_catalog_navigation_title

End time: 2023-10-22 19:13:16.689441
End name method: check_catalog_navigation_title
URL: https://catalog.onliner.by/

-----

-----
Test: tests/test_buy_laptop.py::test_buy_filtered_laptop (call)
Start time: 2023-10-22 19:13:16.690442
Start name method: open_computers_and_networks

End time: 2023-10-22 19:13:16.799189
End name method: open_computers_and_networks
URL: https://catalog.onliner.by/

-----

-----
Test: tests/test_buy_laptop.py::test_buy_filtered_laptop (call)
Start time: 2023-10-22 19:13:16.800187
Start name method: open_laptops_computers_monitors

End time: 2023-10-22 19:13:16.931249
End name method: open_laptops_computers_monitors
URL: https://catalog.onliner.by/

-----

-----
Test: tests/test_buy_laptop.py::test_buy_filtered_laptop (call)
Start time: 2023-10-22 19:13:16.931249
Start name method: open_laptops

End time: 2023-10-22 19:13:18.981300
End name method: open_laptops
URL: https://catalog.onliner.by/notebook

-----

-----
Test: tests/test_buy_laptop.py::test_buy_filtered_laptop (call)
Start time: 2023-10-22 19:13:18.982311
Start name method: close_popover

End time: 2023-10-22 19:13:19.376822
End name method: close_popover
URL: https://catalog.onliner.by/notebook

-----

-----
Test: tests/test_buy_laptop.py::test_buy_filtered_laptop (call)
Start time: 2023-10-22 19:13:19.377830
Start name method: check_laptops_title

End time: 2023-10-22 19:13:19.434999
End name method: check_laptops_title
URL: https://catalog.onliner.by/notebook

-----

-----
Test: tests/test_buy_laptop.py::test_buy_filtered_laptop (call)
Start time: 2023-10-22 19:13:19.434999
Start name method: confirm_city

End time: 2023-10-22 19:13:19.590397
End name method: confirm_city
URL: https://catalog.onliner.by/notebook

-----

-----
Test: tests/test_buy_laptop.py::test_buy_filtered_laptop (call)
Start time: 2023-10-22 19:13:19.590397
Start name method: check_city

End time: 2023-10-22 19:13:19.657413
End name method: check_city
URL: https://catalog.onliner.by/notebook

-----

-----
Test: tests/test_buy_laptop.py::test_buy_filtered_laptop (call)
Start time: 2023-10-22 19:13:19.658414
Start name method: open_all_producers

End time: 2023-10-22 19:13:21.759220
End name method: open_all_producers
URL: https://catalog.onliner.by/notebook

-----

-----
Test: tests/test_buy_laptop.py::test_buy_filtered_laptop (call)
Start time: 2023-10-22 19:13:21.760227
Start name method: check_number_of_producers


-----
Test: tests/test_buy_laptop.py::test_buy_filtered_laptop (call)
Start time: 2023-10-22 19:13:21.760227
Start name method: check_text_number_of_producers

End time: 2023-10-22 19:13:21.807948
End name method: check_text_number_of_producers
URL: https://catalog.onliner.by/notebook

-----

-----
Test: tests/test_buy_laptop.py::test_buy_filtered_laptop (call)
Start time: 2023-10-22 19:13:21.808961
Start name method: count_number_of_producers

End time: 2023-10-22 19:13:21.857220
End name method: count_number_of_producers
URL: https://catalog.onliner.by/notebook

-----
End time: 2023-10-22 19:13:21.863434
End name method: check_number_of_producers
URL: https://catalog.onliner.by/notebook

-----

-----
Test: tests/test_buy_laptop.py::test_buy_filtered_laptop (call)
Start time: 2023-10-22 19:13:21.863434
Start name method: open_all_producers

End time: 2023-10-22 19:13:23.946156
End name method: open_all_producers
URL: https://catalog.onliner.by/notebook

-----

-----
Test: tests/test_buy_laptop.py::test_buy_filtered_laptop (call)
Start time: 2023-10-22 19:13:23.946156
Start name method: select_producer

End time: 2023-10-22 19:13:24.118283
End name method: select_producer
URL: https://catalog.onliner.by/notebook

-----

-----
Test: tests/test_buy_laptop.py::test_buy_filtered_laptop (call)
Start time: 2023-10-22 19:13:24.118283
Start name method: enter_max_price

End time: 2023-10-22 19:13:24.294585
End name method: enter_max_price
URL: https://catalog.onliner.by/notebook

-----

-----
Test: tests/test_buy_laptop.py::test_buy_filtered_laptop (call)
Start time: 2023-10-22 19:13:24.294585
Start name method: select_purpose

End time: 2023-10-22 19:13:24.450128
End name method: select_purpose
URL: https://catalog.onliner.by/notebook

-----

-----
Test: tests/test_buy_laptop.py::test_buy_filtered_laptop (call)
Start time: 2023-10-22 19:13:24.450128
Start name method: select_screen_size

End time: 2023-10-22 19:13:24.612612
End name method: select_screen_size
URL: https://catalog.onliner.by/notebook

-----

-----
Test: tests/test_buy_laptop.py::test_buy_filtered_laptop (call)
Start time: 2023-10-22 19:13:24.612612
Start name method: check_producer

End time: 2023-10-22 19:13:24.680816
End name method: check_producer
URL: https://catalog.onliner.by/notebook

-----

-----
Test: tests/test_buy_laptop.py::test_buy_filtered_laptop (call)
Start time: 2023-10-22 19:13:24.680816
Start name method: check_max_price

End time: 2023-10-22 19:13:24.725128
End name method: check_max_price
URL: https://catalog.onliner.by/notebook

-----

-----
Test: tests/test_buy_laptop.py::test_buy_filtered_laptop (call)
Start time: 2023-10-22 19:13:24.726129
Start name method: check_purpose

End time: 2023-10-22 19:13:24.801995
End name method: check_purpose
URL: https://catalog.onliner.by/notebook

-----

-----
Test: tests/test_buy_laptop.py::test_buy_filtered_laptop (call)
Start time: 2023-10-22 19:13:24.801995
Start name method: check_default_order_base

End time: 2023-10-22 19:13:24.842639
End name method: check_default_order_base
URL: https://catalog.onliner.by/notebook

-----

-----
Test: tests/test_buy_laptop.py::test_buy_filtered_laptop (call)
Start time: 2023-10-22 19:13:24.842639
Start name method: select_order_option

End time: 2023-10-22 19:13:25.521503
End name method: select_order_option
URL: https://catalog.onliner.by/notebook?mfr%5B0%5D=apple&price%5Bto%5D=7000.00&note_category%5B0%5D=forwork&note_category%5Boperation%5D=intersect&diagonalnb%5Bto%5D=150&order=price:asc

-----
