
-----
Test: tests/test_buy_laptop.py::test_buy_filtered_laptop (call)
Start time: 2023-10-22 19:15:25.657089
Start name method: open_website

End time: 2023-10-22 19:15:27.102667
End name method: open_website
URL: https://www.onliner.by/

-----

-----
Test: tests/test_buy_laptop.py::test_buy_filtered_laptop (call)
Start time: 2023-10-22 19:15:27.104213
Start name method: open_catalog

End time: 2023-10-22 19:15:28.359104
End name method: open_catalog
URL: https://catalog.onliner.by/

-----

-----
Test: tests/test_buy_laptop.py::test_buy_filtered_laptop (call)
Start time: 2023-10-22 19:15:28.359104
Start name method: check_catalog_navigation_title

End time: 2023-10-22 19:15:28.405703
End name method: check_catalog_navigation_title
URL: https://catalog.onliner.by/

-----

-----
Test: tests/test_buy_laptop.py::test_buy_filtered_laptop (call)
Start time: 2023-10-22 19:15:28.405703
Start name method: open_computers_and_networks

End time: 2023-10-22 19:15:28.511677
End name method: open_computers_and_networks
URL: https://catalog.onliner.by/

-----

-----
Test: tests/test_buy_laptop.py::test_buy_filtered_laptop (call)
Start time: 2023-10-22 19:15:28.512678
Start name method: open_laptops_computers_monitors

End time: 2023-10-22 19:15:28.654337
End name method: open_laptops_computers_monitors
URL: https://catalog.onliner.by/

-----

-----
Test: tests/test_buy_laptop.py::test_buy_filtered_laptop (call)
Start time: 2023-10-22 19:15:28.655338
Start name method: open_laptops

End time: 2023-10-22 19:15:30.498117
End name method: open_laptops
URL: https://catalog.onliner.by/notebook

-----

-----
Test: tests/test_buy_laptop.py::test_buy_filtered_laptop (call)
Start time: 2023-10-22 19:15:30.499118
Start name method: close_popover

End time: 2023-10-22 19:15:30.909389
End name method: close_popover
URL: https://catalog.onliner.by/notebook

-----

-----
Test: tests/test_buy_laptop.py::test_buy_filtered_laptop (call)
Start time: 2023-10-22 19:15:30.909389
Start name method: check_laptops_title

End time: 2023-10-22 19:15:30.959399
End name method: check_laptops_title
URL: https://catalog.onliner.by/notebook

-----

-----
Test: tests/test_buy_laptop.py::test_buy_filtered_laptop (call)
Start time: 2023-10-22 19:15:30.960401
Start name method: confirm_city

End time: 2023-10-22 19:15:31.083431
End name method: confirm_city
URL: https://catalog.onliner.by/notebook

-----

-----
Test: tests/test_buy_laptop.py::test_buy_filtered_laptop (call)
Start time: 2023-10-22 19:15:31.084428
Start name method: check_city

End time: 2023-10-22 19:15:31.144249
End name method: check_city
URL: https://catalog.onliner.by/notebook

-----

-----
Test: tests/test_buy_laptop.py::test_buy_filtered_laptop (call)
Start time: 2023-10-22 19:15:31.145248
Start name method: open_all_producers

End time: 2023-10-22 19:15:33.252421
End name method: open_all_producers
URL: https://catalog.onliner.by/notebook

-----

-----
Test: tests/test_buy_laptop.py::test_buy_filtered_laptop (call)
Start time: 2023-10-22 19:15:33.253430
Start name method: check_number_of_producers


-----
Test: tests/test_buy_laptop.py::test_buy_filtered_laptop (call)
Start time: 2023-10-22 19:15:33.253430
Start name method: check_text_number_of_producers

End time: 2023-10-22 19:15:33.302328
End name method: check_text_number_of_producers
URL: https://catalog.onliner.by/notebook

-----

-----
Test: tests/test_buy_laptop.py::test_buy_filtered_laptop (call)
Start time: 2023-10-22 19:15:33.302328
Start name method: count_number_of_producers

End time: 2023-10-22 19:15:33.348328
End name method: count_number_of_producers
URL: https://catalog.onliner.by/notebook

-----
End time: 2023-10-22 19:15:33.353885
End name method: check_number_of_producers
URL: https://catalog.onliner.by/notebook

-----

-----
Test: tests/test_buy_laptop.py::test_buy_filtered_laptop (call)
Start time: 2023-10-22 19:15:33.353885
Start name method: open_all_producers

End time: 2023-10-22 19:15:35.443437
End name method: open_all_producers
URL: https://catalog.onliner.by/notebook

-----

-----
Test: tests/test_buy_laptop.py::test_buy_filtered_laptop (call)
Start time: 2023-10-22 19:15:35.443437
Start name method: select_producer

End time: 2023-10-22 19:15:35.617913
End name method: select_producer
URL: https://catalog.onliner.by/notebook

-----

-----
Test: tests/test_buy_laptop.py::test_buy_filtered_laptop (call)
Start time: 2023-10-22 19:15:35.618913
Start name method: enter_max_price

End time: 2023-10-22 19:15:35.799042
End name method: enter_max_price
URL: https://catalog.onliner.by/notebook

-----

-----
Test: tests/test_buy_laptop.py::test_buy_filtered_laptop (call)
Start time: 2023-10-22 19:15:35.799042
Start name method: select_purpose

End time: 2023-10-22 19:15:35.952562
End name method: select_purpose
URL: https://catalog.onliner.by/notebook

-----

-----
Test: tests/test_buy_laptop.py::test_buy_filtered_laptop (call)
Start time: 2023-10-22 19:15:35.953558
Start name method: select_screen_size

End time: 2023-10-22 19:15:36.097370
End name method: select_screen_size
URL: https://catalog.onliner.by/notebook

-----

-----
Test: tests/test_buy_laptop.py::test_buy_filtered_laptop (call)
Start time: 2023-10-22 19:15:36.097370
Start name method: check_producer

End time: 2023-10-22 19:15:36.171324
End name method: check_producer
URL: https://catalog.onliner.by/notebook

-----

-----
Test: tests/test_buy_laptop.py::test_buy_filtered_laptop (call)
Start time: 2023-10-22 19:15:36.171324
Start name method: check_max_price

End time: 2023-10-22 19:15:36.209787
End name method: check_max_price
URL: https://catalog.onliner.by/notebook

-----

-----
Test: tests/test_buy_laptop.py::test_buy_filtered_laptop (call)
Start time: 2023-10-22 19:15:36.225413
Start name method: check_purpose

End time: 2023-10-22 19:15:36.302446
End name method: check_purpose
URL: https://catalog.onliner.by/notebook

-----

-----
Test: tests/test_buy_laptop.py::test_buy_filtered_laptop (call)
Start time: 2023-10-22 19:15:36.302446
Start name method: check_default_order_base

End time: 2023-10-22 19:15:36.376897
End name method: check_default_order_base
URL: https://catalog.onliner.by/notebook?mfr%5B0%5D=apple&price%5Bto%5D=7000.00&note_category%5B0%5D=forwork&note_category%5Boperation%5D=intersect&diagonalnb%5Bto%5D=150

-----

-----
Test: tests/test_buy_laptop.py::test_buy_filtered_laptop (call)
Start time: 2023-10-22 19:15:36.376897
Start name method: select_order_option

End time: 2023-10-22 19:15:36.996045
End name method: select_order_option
URL: https://catalog.onliner.by/notebook?mfr%5B0%5D=apple&price%5Bto%5D=7000.00&note_category%5B0%5D=forwork&note_category%5Boperation%5D=intersect&diagonalnb%5Bto%5D=150

-----

-----
Test: tests/test_buy_laptop.py::test_buy_filtered_laptop (call)
Start time: 2023-10-22 19:15:39.086057
Start name method: add_first_product_to_comparison

End time: 2023-10-22 19:15:42.263225
End name method: add_first_product_to_comparison
URL: https://catalog.onliner.by/notebook?mfr%5B0%5D=apple&price%5Bto%5D=7000.00&note_category%5B0%5D=forwork&note_category%5Boperation%5D=intersect&diagonalnb%5Bto%5D=150&order=price:asc

-----

-----
Test: tests/test_buy_laptop.py::test_buy_filtered_laptop (call)
Start time: 2023-10-22 19:15:42.263225
Start name method: add_first_product_to_comparison

End time: 2023-10-22 19:15:45.411215
End name method: add_first_product_to_comparison
URL: https://catalog.onliner.by/notebook?mfr%5B0%5D=apple&price%5Bto%5D=7000.00&note_category%5B0%5D=forwork&note_category%5Boperation%5D=intersect&diagonalnb%5Bto%5D=150&order=price:asc

-----

-----
Test: tests/test_buy_laptop.py::test_buy_filtered_laptop (call)
Start time: 2023-10-22 19:15:45.412215
Start name method: open_comparison_page

End time: 2023-10-22 19:15:46.438686
End name method: open_comparison_page
URL: https://catalog.onliner.by/compare/mgn63+mgnd3

-----
