
-----
Test: tests/test_buy_laptop.py::test_buy_filtered_laptop (call)
Start time: 2023-10-22 20:27:24.033506
Start name method: open_website

End time: 2023-10-22 20:27:25.856249
End name method: open_website
URL: https://www.onliner.by/

-----

-----
Test: tests/test_buy_laptop.py::test_buy_filtered_laptop (call)
Start time: 2023-10-22 20:27:25.857250
Start name method: open_catalog

End time: 2023-10-22 20:27:26.979376
End name method: open_catalog
URL: https://catalog.onliner.by/

-----

-----
Test: tests/test_buy_laptop.py::test_buy_filtered_laptop (call)
Start time: 2023-10-22 20:27:26.980376
Start name method: check_catalog_navigation_title

End time: 2023-10-22 20:27:27.038389
End name method: check_catalog_navigation_title
URL: https://catalog.onliner.by/

-----

-----
Test: tests/test_buy_laptop.py::test_buy_filtered_laptop (call)
Start time: 2023-10-22 20:27:27.039391
Start name method: open_computers_and_networks

End time: 2023-10-22 20:27:27.152416
End name method: open_computers_and_networks
URL: https://catalog.onliner.by/

-----

-----
Test: tests/test_buy_laptop.py::test_buy_filtered_laptop (call)
Start time: 2023-10-22 20:27:27.153417
Start name method: open_laptops_computers_monitors

End time: 2023-10-22 20:27:27.258440
End name method: open_laptops_computers_monitors
URL: https://catalog.onliner.by/

-----

-----
Test: tests/test_buy_laptop.py::test_buy_filtered_laptop (call)
Start time: 2023-10-22 20:27:27.259442
Start name method: open_laptops

End time: 2023-10-22 20:27:29.121212
End name method: open_laptops
URL: https://catalog.onliner.by/notebook

-----

-----
Test: tests/test_buy_laptop.py::test_buy_filtered_laptop (call)
Start time: 2023-10-22 20:27:29.121212
Start name method: close_popover

End time: 2023-10-22 20:27:30.124477
End name method: close_popover
URL: https://catalog.onliner.by/notebook

-----

-----
Test: tests/test_buy_laptop.py::test_buy_filtered_laptop (call)
Start time: 2023-10-22 20:27:30.124477
Start name method: check_laptops_title

End time: 2023-10-22 20:27:30.165487
End name method: check_laptops_title
URL: https://catalog.onliner.by/notebook

-----

-----
Test: tests/test_buy_laptop.py::test_buy_filtered_laptop (call)
Start time: 2023-10-22 20:27:30.165487
Start name method: confirm_city

End time: 2023-10-22 20:27:30.308520
End name method: confirm_city
URL: https://catalog.onliner.by/notebook

-----

-----
Test: tests/test_buy_laptop.py::test_buy_filtered_laptop (call)
Start time: 2023-10-22 20:27:30.309522
Start name method: check_city

End time: 2023-10-22 20:27:30.382536
End name method: check_city
URL: https://catalog.onliner.by/notebook

-----

-----
Test: tests/test_buy_laptop.py::test_buy_filtered_laptop (call)
Start time: 2023-10-22 20:27:30.382536
Start name method: open_all_producers

End time: 2023-10-22 20:27:32.492257
End name method: open_all_producers
URL: https://catalog.onliner.by/notebook

-----

-----
Test: tests/test_buy_laptop.py::test_buy_filtered_laptop (call)
Start time: 2023-10-22 20:27:32.492257
Start name method: check_number_of_producers


-----
Test: tests/test_buy_laptop.py::test_buy_filtered_laptop (call)
Start time: 2023-10-22 20:27:32.492257
Start name method: check_text_number_of_producers

End time: 2023-10-22 20:27:32.539458
End name method: check_text_number_of_producers
URL: https://catalog.onliner.by/notebook

-----

-----
Test: tests/test_buy_laptop.py::test_buy_filtered_laptop (call)
Start time: 2023-10-22 20:27:32.540458
Start name method: count_number_of_producers

End time: 2023-10-22 20:27:32.589392
End name method: count_number_of_producers
URL: https://catalog.onliner.by/notebook

-----
End time: 2023-10-22 20:27:32.593382
End name method: check_number_of_producers
URL: https://catalog.onliner.by/notebook

-----

-----
Test: tests/test_buy_laptop.py::test_buy_filtered_laptop (call)
Start time: 2023-10-22 20:27:32.594383
Start name method: open_all_producers

End time: 2023-10-22 20:27:34.679658
End name method: open_all_producers
URL: https://catalog.onliner.by/notebook

-----

-----
Test: tests/test_buy_laptop.py::test_buy_filtered_laptop (call)
Start time: 2023-10-22 20:27:34.680658
Start name method: select_producer

End time: 2023-10-22 20:27:34.859690
End name method: select_producer
URL: https://catalog.onliner.by/notebook

-----

-----
Test: tests/test_buy_laptop.py::test_buy_filtered_laptop (call)
Start time: 2023-10-22 20:27:34.860689
Start name method: enter_max_price

End time: 2023-10-22 20:27:35.069736
End name method: enter_max_price
URL: https://catalog.onliner.by/notebook

-----

-----
Test: tests/test_buy_laptop.py::test_buy_filtered_laptop (call)
Start time: 2023-10-22 20:27:35.070736
Start name method: select_purpose

End time: 2023-10-22 20:27:35.236773
End name method: select_purpose
URL: https://catalog.onliner.by/notebook

-----

-----
Test: tests/test_buy_laptop.py::test_buy_filtered_laptop (call)
Start time: 2023-10-22 20:27:35.236773
Start name method: select_screen_size

End time: 2023-10-22 20:27:35.405812
End name method: select_screen_size
URL: https://catalog.onliner.by/notebook

-----

-----
Test: tests/test_buy_laptop.py::test_buy_filtered_laptop (call)
Start time: 2023-10-22 20:27:35.405812
Start name method: check_producer

End time: 2023-10-22 20:27:35.488396
End name method: check_producer
URL: https://catalog.onliner.by/notebook

-----

-----
Test: tests/test_buy_laptop.py::test_buy_filtered_laptop (call)
Start time: 2023-10-22 20:27:35.489394
Start name method: check_max_price

End time: 2023-10-22 20:27:35.534604
End name method: check_max_price
URL: https://catalog.onliner.by/notebook

-----

-----
Test: tests/test_buy_laptop.py::test_buy_filtered_laptop (call)
Start time: 2023-10-22 20:27:35.535604
Start name method: check_purpose

End time: 2023-10-22 20:27:35.609621
End name method: check_purpose
URL: https://catalog.onliner.by/notebook

-----

-----
Test: tests/test_buy_laptop.py::test_buy_filtered_laptop (call)
Start time: 2023-10-22 20:27:35.610622
Start name method: check_screen_size

End time: 2023-10-22 20:27:36.691236
End name method: check_screen_size
URL: https://catalog.onliner.by/notebook?mfr%5B0%5D=apple&price%5Bto%5D=7000.00&note_category%5B0%5D=forwork&note_category%5Boperation%5D=intersect&diagonalnb%5Bto%5D=150

-----

-----
Test: tests/test_buy_laptop.py::test_buy_filtered_laptop (call)
Start time: 2023-10-22 20:27:36.692234
Start name method: check_default_order_base

End time: 2023-10-22 20:27:36.735244
End name method: check_default_order_base
URL: https://catalog.onliner.by/notebook?mfr%5B0%5D=apple&price%5Bto%5D=7000.00&note_category%5B0%5D=forwork&note_category%5Boperation%5D=intersect&diagonalnb%5Bto%5D=150

-----

-----
Test: tests/test_buy_laptop.py::test_buy_filtered_laptop (call)
Start time: 2023-10-22 20:27:36.735244
Start name method: select_order_option

End time: 2023-10-22 20:27:37.986561
End name method: select_order_option
URL: https://catalog.onliner.by/notebook?mfr%5B0%5D=apple&price%5Bto%5D=7000.00&note_category%5B0%5D=forwork&note_category%5Boperation%5D=intersect&diagonalnb%5Bto%5D=150

-----

-----
Test: tests/test_buy_laptop.py::test_buy_filtered_laptop (call)
Start time: 2023-10-22 20:27:37.986561
Start name method: save_product1_name_on_catalog_page

End time: 2023-10-22 20:27:39.047372
End name method: save_product1_name_on_catalog_page
URL: https://catalog.onliner.by/notebook?mfr%5B0%5D=apple&price%5Bto%5D=7000.00&note_category%5B0%5D=forwork&note_category%5Boperation%5D=intersect&diagonalnb%5Bto%5D=150&order=price:asc

-----

-----
Test: tests/test_buy_laptop.py::test_buy_filtered_laptop (call)
Start time: 2023-10-22 20:27:39.048371
Start name method: save_product2_name_on_catalog_page

End time: 2023-10-22 20:27:40.093430
End name method: save_product2_name_on_catalog_page
URL: https://catalog.onliner.by/notebook?mfr%5B0%5D=apple&price%5Bto%5D=7000.00&note_category%5B0%5D=forwork&note_category%5Boperation%5D=intersect&diagonalnb%5Bto%5D=150&order=price:asc

-----

-----
Test: tests/test_buy_laptop.py::test_buy_filtered_laptop (call)
Start time: 2023-10-22 20:27:40.094431
Start name method: add_first_product_to_comparison

End time: 2023-10-22 20:27:43.250071
End name method: add_first_product_to_comparison
URL: https://catalog.onliner.by/notebook?mfr%5B0%5D=apple&price%5Bto%5D=7000.00&note_category%5B0%5D=forwork&note_category%5Boperation%5D=intersect&diagonalnb%5Bto%5D=150&order=price:asc

-----

-----
Test: tests/test_buy_laptop.py::test_buy_filtered_laptop (call)
Start time: 2023-10-22 20:27:43.250071
Start name method: add_first_product_to_comparison

End time: 2023-10-22 20:27:46.495054
End name method: add_first_product_to_comparison
URL: https://catalog.onliner.by/notebook?mfr%5B0%5D=apple&price%5Bto%5D=7000.00&note_category%5B0%5D=forwork&note_category%5Boperation%5D=intersect&diagonalnb%5Bto%5D=150&order=price:asc

-----

-----
Test: tests/test_buy_laptop.py::test_buy_filtered_laptop (call)
Start time: 2023-10-22 20:27:46.496055
Start name method: open_comparison_page

End time: 2023-10-22 20:27:47.529261
End name method: open_comparison_page
URL: https://catalog.onliner.by/compare/mgn63+mgnd3

-----

-----
Test: tests/test_buy_laptop.py::test_buy_filtered_laptop (call)
Start time: 2023-10-22 20:27:47.529261
Start name method: save_product1_name_on_comparison_page

End time: 2023-10-22 20:27:47.585386
End name method: save_product1_name_on_comparison_page
URL: https://catalog.onliner.by/compare/mgn63+mgnd3

-----

-----
Test: tests/test_buy_laptop.py::test_buy_filtered_laptop (call)
Start time: 2023-10-22 20:27:47.586386
Start name method: save_product2_name_on_comparison_page

End time: 2023-10-22 20:27:47.634398
End name method: save_product2_name_on_comparison_page
URL: https://catalog.onliner.by/compare/mgn63+mgnd3

-----

-----
Test: tests/test_buy_laptop.py::test_buy_filtered_laptop (call)
Start time: 2023-10-22 20:27:47.635400
Start name method: select_offer

End time: 2023-10-22 20:27:49.840448
End name method: select_offer
URL: https://catalog.onliner.by/notebook/apple/mgnd3/prices

-----

-----
Test: tests/test_buy_laptop.py::test_buy_filtered_laptop (call)
Start time: 2023-10-22 20:27:49.841449
Start name method: move_to_trash

End time: 2023-10-22 20:27:50.217034
End name method: move_to_trash
URL: https://catalog.onliner.by/notebook/apple/mgnd3/prices

-----

-----
Test: tests/test_buy_laptop.py::test_buy_filtered_laptop (call)
Start time: 2023-10-22 20:27:50.218035
Start name method: clear_comparison

End time: 2023-10-22 20:27:50.405026
End name method: clear_comparison
URL: https://catalog.onliner.by/notebook/apple/mgnd3/prices

-----

-----
Test: tests/test_buy_laptop.py::test_buy_filtered_laptop (call)
Start time: 2023-10-22 20:27:50.405026
Start name method: add_laptop_to_cart

End time: 2023-10-22 20:27:50.569839
End name method: add_laptop_to_cart
URL: https://catalog.onliner.by/notebook/apple/mgnd3/prices

-----

-----
Test: tests/test_buy_laptop.py::test_buy_filtered_laptop (call)
Start time: 2023-10-22 20:27:50.570840
Start name method: go_to_cart

End time: 2023-10-22 20:27:53.354528
End name method: go_to_cart
URL: https://cart.onliner.by/

-----

-----
Test: tests/test_buy_laptop.py::test_buy_filtered_laptop (call)
Start time: 2023-10-22 20:27:53.998595
Start name method: enter_information

End time: 2023-10-22 20:27:57.571145
End name method: enter_information
URL: https://cart.onliner.by/order

-----

-----
Test: tests/test_buy_laptop.py::test_buy_filtered_laptop (call)
Start time: 2023-10-22 20:27:57.571145
Start name method: finish

End time: 2023-10-22 20:27:57.708176
End name method: finish
URL: https://cart.onliner.by/order

-----
