
-----
Test: tests/test_buy_laptop.py::test_buy_filtered_laptop (call)
Start time: 2023-10-22 18:01:50.740560
Start name method: open_website

End time: 2023-10-22 18:01:52.342385
End name method: open_website
URL: https://www.onliner.by/

-----

-----
Test: tests/test_buy_laptop.py::test_buy_filtered_laptop (call)
Start time: 2023-10-22 18:01:52.343389
Start name method: open_catalog

End time: 2023-10-22 18:01:53.566545
End name method: open_catalog
URL: https://catalog.onliner.by/

-----

-----
Test: tests/test_buy_laptop.py::test_buy_filtered_laptop (call)
Start time: 2023-10-22 18:01:53.567547
Start name method: check_catalog_navigation_title

