
-----
Test: tests/test_buy_laptop.py::test_buy_filtered_laptop (call)
Start time: 2023-10-22 18:17:35.809517
Start name method: open_website

End time: 2023-10-22 18:17:37.709061
End name method: open_website
URL: https://www.onliner.by/

-----

-----
Test: tests/test_buy_laptop.py::test_buy_filtered_laptop (call)
Start time: 2023-10-22 18:17:37.710068
Start name method: open_catalog

End time: 2023-10-22 18:17:39.095014
End name method: open_catalog
URL: https://catalog.onliner.by/

-----

-----
Test: tests/test_buy_laptop.py::test_buy_filtered_laptop (call)
Start time: 2023-10-22 18:17:39.096017
Start name method: check_catalog_navigation_title

