
-----
Test: tests/test_buy_laptop.py::test_buy_filtered_laptop (call)
Start time: 2023-10-22 18:18:43.845975
Start name method: open_website

End time: 2023-10-22 18:18:45.482170
End name method: open_website
URL: https://www.onliner.by/

-----

-----
Test: tests/test_buy_laptop.py::test_buy_filtered_laptop (call)
Start time: 2023-10-22 18:18:45.482170
Start name method: open_catalog

End time: 2023-10-22 18:18:46.850256
End name method: open_catalog
URL: https://catalog.onliner.by/

-----

-----
Test: tests/test_buy_laptop.py::test_buy_filtered_laptop (call)
Start time: 2023-10-22 18:18:46.850256
Start name method: check_catalog_navigation_title

