
-----
Test: tests/test_buy_laptop.py::test_buy_filtered_laptop (call)
Start time: 2023-10-22 18:04:52.981631
Start name method: open_website

End time: 2023-10-22 18:04:54.469015
End name method: open_website
URL: https://www.onliner.by/

-----

-----
Test: tests/test_buy_laptop.py::test_buy_filtered_laptop (call)
Start time: 2023-10-22 18:04:54.469015
Start name method: open_catalog

End time: 2023-10-22 18:04:55.708780
End name method: open_catalog
URL: https://catalog.onliner.by/

-----

-----
Test: tests/test_buy_laptop.py::test_buy_filtered_laptop (call)
Start time: 2023-10-22 18:04:55.708780
Start name method: check_catalog_navigation_title

