
-----
Test: tests/test_buy_laptop.py::test_buy_filtered_laptop (call)
Start time: 2023-10-22 18:18:17.225888
Start name method: open_website

End time: 2023-10-22 18:18:18.882844
End name method: open_website
URL: https://www.onliner.by/

-----

-----
Test: tests/test_buy_laptop.py::test_buy_filtered_laptop (call)
Start time: 2023-10-22 18:18:18.884842
Start name method: open_catalog

End time: 2023-10-22 18:18:20.128877
End name method: open_catalog
URL: https://catalog.onliner.by/

-----

-----
Test: tests/test_buy_laptop.py::test_buy_filtered_laptop (call)
Start time: 2023-10-22 18:18:20.129878
Start name method: check_catalog_navigation_title

