
-----
Test: tests/test_buy_laptop.py::test_buy_filtered_laptop (call)
Start time: 2023-10-22 18:28:05.254871
Start name method: open_website

End time: 2023-10-22 18:28:08.778529
End name method: open_website
URL: https://www.onliner.by/

-----

-----
Test: tests/test_buy_laptop.py::test_buy_filtered_laptop (call)
Start time: 2023-10-22 18:28:08.779228
Start name method: open_catalog

End time: 2023-10-22 18:28:10.072147
End name method: open_catalog
URL: https://catalog.onliner.by/

-----

-----
Test: tests/test_buy_laptop.py::test_buy_filtered_laptop (call)
Start time: 2023-10-22 18:28:10.072147
Start name method: check_catalog_navigation_title

